> Task :checkKotlinGradlePluginConfigurationErrors
> Task :compileKotlin UP-TO-DATE
> Task :compileJava NO-SOURCE
> Task :processResources UP-TO-DATE
> Task :classes UP-TO-DATE
> Task :resolveMainClassName UP-TO-DATE
> Task :processAot UP-TO-DATE
> Task :compileAotKotlin NO-SOURCE
> Task :compileAotJava UP-TO-DATE
> Task :processAotResources UP-TO-DATE
> Task :aotClasses UP-TO-DATE

> Task :bootRun

  .   ____          _            __ _ _
 /\\ / ___'_ __ _ _(_)_ __  __ _ \ \ \ \
( ( )\___ | '_ | '_| | '_ \/ _` | \ \ \ \
 \\/  ___)| |_)| | | | | || (_| |  ) ) ) )
  '  |____| .__|_| |_|_| |_\__, | / / / /
 =========|_|==============|___/=/_/_/_/

 :: Spring Boot ::                (v3.5.0)

2025-06-19T03:47:51.640Z  INFO 157082 --- [AsterManagement] [           main] [                                                 ] d.r.a.AsterManagementApplicationKt       : Starting AsterManagementApplicationKt using Java 21.0.7 with PID 157082 (/IdeaProjects/AsterManagement/backend/build/classes/kotlin/main started by node in /IdeaProjects/AsterManagement/backend)
2025-06-19T03:47:51.642Z  INFO 157082 --- [AsterManagement] [           main] [                                                 ] d.r.a.AsterManagementApplicationKt       : No active profile set, falling back to 1 default profile: "default"
2025-06-19T03:47:52.372Z  INFO 157082 --- [AsterManagement] [           main] [                                                 ] .s.d.r.c.RepositoryConfigurationDelegate : Multiple Spring Data modules found, entering strict repository configuration mode
2025-06-19T03:47:52.373Z  INFO 157082 --- [AsterManagement] [           main] [                                                 ] .s.d.r.c.RepositoryConfigurationDelegate : Bootstrapping Spring Data JPA repositories in DEFAULT mode.
2025-06-19T03:47:52.460Z  INFO 157082 --- [AsterManagement] [           main] [                                                 ] .s.d.r.c.RepositoryConfigurationDelegate : Finished Spring Data repository scanning in 79 ms. Found 6 JPA repository interfaces.
2025-06-19T03:47:52.466Z  INFO 157082 --- [AsterManagement] [           main] [                                                 ] .s.d.r.c.RepositoryConfigurationDelegate : Multiple Spring Data modules found, entering strict repository configuration mode
2025-06-19T03:47:52.467Z  INFO 157082 --- [AsterManagement] [           main] [                                                 ] .s.d.r.c.RepositoryConfigurationDelegate : Bootstrapping Spring Data Redis repositories in DEFAULT mode.
2025-06-19T03:47:52.478Z  INFO 157082 --- [AsterManagement] [           main] [                                                 ] .RepositoryConfigurationExtensionSupport : Spring Data Redis - Could not safely identify store assignment for repository candidate interface dev.ryuzu.astermanagement.domain.audit.AuditConfigurationRepository; If you want this repository to be a Redis repository, consider annotating your entities with one of these annotations: org.springframework.data.redis.core.RedisHash (preferred), or consider extending one of the following types with your repository: org.springframework.data.keyvalue.repository.KeyValueRepository
2025-06-19T03:47:52.478Z  INFO 157082 --- [AsterManagement] [           main] [                                                 ] .RepositoryConfigurationExtensionSupport : Spring Data Redis - Could not safely identify store assignment for repository candidate interface dev.ryuzu.astermanagement.domain.audit.AuditLogRepository; If you want this repository to be a Redis repository, consider annotating your entities with one of these annotations: org.springframework.data.redis.core.RedisHash (preferred), or consider extending one of the following types with your repository: org.springframework.data.keyvalue.repository.KeyValueRepository
2025-06-19T03:47:52.479Z  INFO 157082 --- [AsterManagement] [           main] [                                                 ] .RepositoryConfigurationExtensionSupport : Spring Data Redis - Could not safely identify store assignment for repository candidate interface dev.ryuzu.astermanagement.domain.audit.MatterAuditLogRepository; If you want this repository to be a Redis repository, consider annotating your entities with one of these annotations: org.springframework.data.redis.core.RedisHash (preferred), or consider extending one of the following types with your repository: org.springframework.data.keyvalue.repository.KeyValueRepository
2025-06-19T03:47:52.479Z  INFO 157082 --- [AsterManagement] [           main] [                                                 ] .RepositoryConfigurationExtensionSupport : Spring Data Redis - Could not safely identify store assignment for repository candidate interface dev.ryuzu.astermanagement.domain.matter.MatterRepository; If you want this repository to be a Redis repository, consider annotating your entities with one of these annotations: org.springframework.data.redis.core.RedisHash (preferred), or consider extending one of the following types with your repository: org.springframework.data.keyvalue.repository.KeyValueRepository
2025-06-19T03:47:52.479Z  INFO 157082 --- [AsterManagement] [           main] [                                                 ] .RepositoryConfigurationExtensionSupport : Spring Data Redis - Could not safely identify store assignment for repository candidate interface dev.ryuzu.astermanagement.domain.matter.MatterStatusHistoryRepository; If you want this repository to be a Redis repository, consider annotating your entities with one of these annotations: org.springframework.data.redis.core.RedisHash (preferred), or consider extending one of the following types with your repository: org.springframework.data.keyvalue.repository.KeyValueRepository
2025-06-19T03:47:52.479Z  INFO 157082 --- [AsterManagement] [           main] [                                                 ] .RepositoryConfigurationExtensionSupport : Spring Data Redis - Could not safely identify store assignment for repository candidate interface dev.ryuzu.astermanagement.domain.user.UserRepository; If you want this repository to be a Redis repository, consider annotating your entities with one of these annotations: org.springframework.data.redis.core.RedisHash (preferred), or consider extending one of the following types with your repository: org.springframework.data.keyvalue.repository.KeyValueRepository
2025-06-19T03:47:52.479Z  INFO 157082 --- [AsterManagement] [           main] [                                                 ] .s.d.r.c.RepositoryConfigurationDelegate : Finished Spring Data repository scanning in 7 ms. Found 0 Redis repository interfaces.
2025-06-19T03:47:52.771Z  INFO 157082 --- [AsterManagement] [cTaskExecutor-1] [                                                 ] com.tngtech.archunit.core.PluginLoader   : Detected Java version 21.0.7
2025-06-19T03:47:54.950Z  INFO 157082 --- [AsterManagement] [           main] [                                                 ] o.s.b.w.embedded.tomcat.TomcatWebServer  : Tomcat initialized with port 8080 (http)
2025-06-19T03:47:54.957Z  INFO 157082 --- [AsterManagement] [           main] [                                                 ] o.apache.catalina.core.StandardService   : Starting service [Tomcat]
2025-06-19T03:47:54.957Z  INFO 157082 --- [AsterManagement] [           main] [                                                 ] o.apache.catalina.core.StandardEngine    : Starting Servlet engine: [Apache Tomcat/10.1.41]
2025-06-19T03:47:54.982Z  INFO 157082 --- [AsterManagement] [           main] [                                                 ] o.a.c.c.C.[Tomcat].[localhost].[/]       : Initializing Spring embedded WebApplicationContext
2025-06-19T03:47:54.982Z  INFO 157082 --- [AsterManagement] [           main] [                                                 ] w.s.c.ServletWebServerApplicationContext : Root WebApplicationContext: initialization completed in 3309 ms
2025-06-19T03:47:55.391Z  INFO 157082 --- [AsterManagement] [           main] [                                                 ] com.zaxxer.hikari.HikariDataSource       : HikariPool-1 - Starting...
2025-06-19T03:47:55.460Z  INFO 157082 --- [AsterManagement] [           main] [                                                 ] com.zaxxer.hikari.pool.HikariPool        : HikariPool-1 - Added connection org.postgresql.jdbc.PgConnection@56ec6ac0
2025-06-19T03:47:55.461Z  INFO 157082 --- [AsterManagement] [           main] [                                                 ] com.zaxxer.hikari.HikariDataSource       : HikariPool-1 - Start completed.
2025-06-19T03:47:55.473Z  INFO 157082 --- [AsterManagement] [           main] [                                                 ] org.flywaydb.core.FlywayExecutor         : Database: jdbc:postgresql://172.18.0.1:5432/astermanagement (PostgreSQL 15.13)
2025-06-19T03:47:55.495Z  INFO 157082 --- [AsterManagement] [           main] [                                                 ] o.f.core.internal.command.DbValidate     : Successfully validated 8 migrations (execution time 00:00.013s)
2025-06-19T03:47:55.513Z  INFO 157082 --- [AsterManagement] [           main] [                                                 ] o.f.core.internal.command.DbMigrate      : Current version of schema "public": 008
2025-06-19T03:47:55.515Z  INFO 157082 --- [AsterManagement] [           main] [                                                 ] o.f.core.internal.command.DbMigrate      : Schema "public" is up to date. No migration necessary.
2025-06-19T03:47:55.572Z  INFO 157082 --- [AsterManagement] [           main] [                                                 ] o.hibernate.jpa.internal.util.LogHelper  : HHH000204: Processing PersistenceUnitInfo [name: default]
2025-06-19T03:47:55.592Z  INFO 157082 --- [AsterManagement] [           main] [                                                 ] org.hibernate.Version                    : HHH000412: Hibernate ORM core version 6.6.15.Final
2025-06-19T03:47:55.605Z  INFO 157082 --- [AsterManagement] [           main] [                                                 ] o.h.c.internal.RegionFactoryInitiator    : HHH000026: Second-level cache disabled
2025-06-19T03:47:55.716Z  INFO 157082 --- [AsterManagement] [           main] [                                                 ] o.s.o.j.p.SpringPersistenceUnitInfo      : No LoadTimeWeaver setup: ignoring JPA class transformer
2025-06-19T03:47:55.744Z  WARN 157082 --- [AsterManagement] [           main] [                                                 ] org.hibernate.orm.deprecation            : HHH90000025: PostgreSQLDialect does not need to be specified explicitly using 'hibernate.dialect' (remove the property setting and it will be selected by default)
2025-06-19T03:47:55.751Z  INFO 157082 --- [AsterManagement] [           main] [                                                 ] org.hibernate.orm.connections.pooling    : HHH10001005: Database info:
	Database JDBC URL [Connecting through datasource 'HikariDataSource (HikariPool-1)']
	Database driver: undefined/unknown
	Database version: 15.13
	Autocommit mode: undefined/unknown
	Isolation level: undefined/unknown
	Minimum pool size: undefined/unknown
	Maximum pool size: undefined/unknown
2025-06-19T03:47:56.259Z  INFO 157082 --- [AsterManagement] [           main] [                                                 ] o.h.e.t.j.p.i.JtaPlatformInitiator       : HHH000489: No JTA platform available (set 'hibernate.transaction.jta.platform' to enable JTA platform integration)
2025-06-19T03:47:56.261Z  INFO 157082 --- [AsterManagement] [           main] [                                                 ] j.LocalContainerEntityManagerFactoryBean : Initialized JPA EntityManagerFactory for persistence unit 'default'
2025-06-19T03:47:56.281Z  INFO 157082 --- [AsterManagement] [           main] [                                                 ] d.r.astermanagement.config.CacheConfig   : Cache ObjectMapper configured with Kotlin and JavaTime support
2025-06-19T03:47:56.593Z  INFO 157082 --- [AsterManagement] [           main] [                                                 ] o.s.d.j.r.query.QueryEnhancerFactory     : Hibernate is in classpath; If applicable, HQL parser will be used.
2025-06-19T03:47:58.237Z  INFO 157082 --- [AsterManagement] [           main] [                                                 ] d.r.astermanagement.config.CacheConfig   : RedisTemplate configured with JSON serialization
2025-06-19T03:47:58.245Z  INFO 157082 --- [AsterManagement] [           main] [                                                 ] d.r.astermanagement.config.CacheConfig   : Configured 11 cache regions with Redis backend
2025-06-19T03:47:58.256Z  INFO 157082 --- [AsterManagement] [           main] [                                                 ] hancedAuditConfiguration$$SpringCGLIB$$0 : Configured audit task executor: core=3, max=15, queue=500
2025-06-19T03:47:58.266Z  INFO 157082 --- [AsterManagement] [           main] [                                                 ] hancedAuditConfiguration$$SpringCGLIB$$0 : Configured audit cleanup executor: core=1, max=3
2025-06-19T03:47:58.360Z  WARN 157082 --- [AsterManagement] [           main] [                                                 ] JpaBaseConfiguration$JpaWebConfiguration : spring.jpa.open-in-view is enabled by default. Therefore, database queries may be performed during view rendering. Explicitly configure spring.jpa.open-in-view to disable this warning
2025-06-19T03:47:58.563Z  INFO 157082 --- [AsterManagement] [           main] [                                                 ] o.s.b.a.e.web.EndpointLinksResolver      : Exposing 3 endpoints beneath base path '/actuator'
2025-06-19T03:47:59.250Z  INFO 157082 --- [AsterManagement] [           main] [                                                 ] o.s.b.w.embedded.tomcat.TomcatWebServer  : Tomcat started on port 8080 (http) with context path '/'
2025-06-19T03:47:59.260Z  INFO 157082 --- [AsterManagement] [           main] [                                                 ] o.s.s.config.TaskSchedulerRouter         : No TaskScheduler/ScheduledExecutorService bean found for scheduled processing
2025-06-19T03:47:59.263Z  INFO 157082 --- [AsterManagement] [           main] [                                                 ] d.r.a.AsterManagementApplicationKt       : Started AsterManagementApplicationKt in 7.83 seconds (process running for 8.006)
2025-06-19T03:47:59.294Z  INFO 157082 --- [AsterManagement] [           main] [                                                 ] o.s.b.a.b.JobLauncherApplicationRunner   : Running default command line with: []
2025-06-19T03:48:13.001Z  INFO 157082 --- [AsterManagement] [nio-8080-exec-1] [                                                 ] o.a.c.c.C.[Tomcat].[localhost].[/]       : Initializing Spring DispatcherServlet 'dispatcherServlet'
2025-06-19T03:48:13.001Z  INFO 157082 --- [AsterManagement] [nio-8080-exec-1] [                                                 ] o.s.web.servlet.DispatcherServlet        : Initializing Servlet 'dispatcherServlet'
2025-06-19T03:48:13.002Z  INFO 157082 --- [AsterManagement] [nio-8080-exec-1] [                                                 ] o.s.web.servlet.DispatcherServlet        : Completed initialization in 1 ms
